<?xml version="1.0" encoding="utf-8"?><testsuites><testsuite errors="0" failures="0" hostname="WIN2019PY" name="pytest" skipped="0" tests="22" time="78.278" timestamp="2020-05-05T15:45:57.984842"><testcase classname="test_models" file="test_models.py" line="21" name="test_get_count_by_fc" time="0.024"></testcase><testcase classname="test_models" file="test_models.py" line="28" name="test_get_count_by_fc_date" time="0.008"></testcase><testcase classname="test_models" file="test_models.py" line="35" name="test_runquery" time="0.011"></testcase><testcase classname="test_models" file="test_models.py" line="39" name="test_get_count_by_daterange" time="0.015"></testcase><testcase classname="test_models" file="test_models.py" line="46" name="test_get_count_by_fc_one" time="0.009"></testcase><testcase classname="test_models" file="test_models.py" line="50" name="test_get_fc" time="0.008"></testcase><testcase classname="test_models" file="test_models.py" line="55" name="test_get_fc_list" time="0.010"></testcase><testcase classname="test_models" file="test_models.py" line="60" name="test_get_fc_trend" time="0.025"></testcase><testcase classname="test_models" file="test_models.py" line="70" name="test_get_fc_trend1" time="0.015"></testcase><testcase classname="test_models" file="test_models.py" line="79" name="test_get_fc_location" time="0.017"></testcase><testcase classname="test_models" file="test_models.py" line="87" name="test_color" time="0.002"></testcase><testcase classname="test_models" file="test_models.py" line="94" name="test_fcname" time="0.002"></testcase><testcase classname="test_models" file="test_models.py" line="103" name="test_sum_PD" time="0.014"></testcase><testcase classname="test_models" file="test_models.py" line="109" name="test_str2date1" time="0.003"></testcase><testcase classname="test_models" file="test_models.py" line="118" name="test_trainmove" time="0.012"></testcase><testcase classname="test_models" file="test_models.py" line="123" name="test_get_first_fault_time" time="0.009"></testcase><testcase classname="test_models" file="test_models.py" line="127" name="test_simple" time="0.001"></testcase><testcase classname="test_models" file="test_models.py" line="131" name="test_simple1" time="0.000"></testcase><testcase classname="test_view" file="test_view.py" line="12" name="test_create_fig_by_trend" time="0.645"></testcase><testcase classname="test_view" file="test_view.py" line="18" name="test_create_fig_by_vobc" time="0.423"></testcase><testcase classname="test_view" file="test_view.py" line="24" name="test_create_layout" time="1.436"></testcase><testcase classname="test_view" file="test_view.py" line="31" name="test_create_fig_by_trainmove" time="0.289"></testcase></testsuite></testsuites>